<?xml version="1.0" encoding="UTF-8"?>
<testsuite xmlns:xsi="http://www.w3.org/2001/XMLSchema-instance" xsi:noNamespaceSchemaLocation="https://maven.apache.org/surefire/maven-surefire-plugin/xsd/surefire-test-report.xsd" name="org.hackerandpainter.RedisTest" time="7.728" tests="1" errors="1" skipped="0" failures="0">
  <properties>
[...]
</properties>
  <testcase name="test1" classname="org.hackerandpainter.RedisTest" time="1.263">
    <error message="Cannot get Jedis connection; nested exception is redis.clients.jedis.exceptions.JedisConnectionException: Could not get a resource from the pool" type="org.springframework.data.redis.RedisConnectionFailureException">org.springframework.data.redis.RedisConnectionFailureException: Cannot get Jedis connection; nested exception is redis.clients.jedis.exceptions.JedisConnectionException: Could not get a resource from the pool
	at org.hackerandpainter.RedisTest.test1(RedisTest.java:19)
Caused by: redis.clients.jedis.exceptions.JedisConnectionException: Could not get a resource from the pool
	at org.hackerandpainter.RedisTest.test1(RedisTest.java:19)
Caused by: redis.clients.jedis.exceptions.JedisConnectionException: java.net.ConnectException: Connection refused: connect
	at org.hackerandpainter.RedisTest.test1(RedisTest.java:19)
Caused by: java.net.ConnectException: Connection refused: connect
	at org.hackerandpainter.RedisTest.test1(RedisTest.java:19)
</error>
    <system-out><![CDATA[14:19:13.663 [main] DEBUG org.springframework.test.context.junit4.SpringJUnit4ClassRunner - SpringJUnit4ClassRunner constructor called with [class org.hackerandpainter.RedisTest]
14:19:13.674 [main] DEBUG org.springframework.test.context.BootstrapUtils - Instantiating CacheAwareContextLoaderDelegate from class [org.springframework.test.context.cache.DefaultCacheAwareContextLoaderDelegate]
14:19:13.687 [main] DEBUG org.springframework.test.context.BootstrapUtils - Instantiating BootstrapContext using constructor [public org.springframework.test.context.support.DefaultBootstrapContext(java.lang.Class,org.springframework.test.context.CacheAwareContextLoaderDelegate)]
14:19:13.710 [main] DEBUG org.springframework.test.context.BootstrapUtils - Instantiating TestContextBootstrapper for test class [org.hackerandpainter.RedisTest] from class [org.springframework.boot.test.context.SpringBootTestContextBootstrapper]
14:19:13.727 [main] INFO org.springframework.boot.test.context.SpringBootTestContextBootstrapper - Neither @ContextConfiguration nor @ContextHierarchy found for test class [org.hackerandpainter.RedisTest], using SpringBootContextLoader
14:19:13.732 [main] DEBUG org.springframework.test.context.support.AbstractContextLoader - Did not detect default resource location for test class [org.hackerandpainter.RedisTest]: class path resource [org/hackerandpainter/RedisTest-context.xml] does not exist
14:19:13.733 [main] DEBUG org.springframework.test.context.support.AbstractContextLoader - Did not detect default resource location for test class [org.hackerandpainter.RedisTest]: class path resource [org/hackerandpainter/RedisTestContext.groovy] does not exist
14:19:13.733 [main] INFO org.springframework.test.context.support.AbstractContextLoader - Could not detect default resource locations for test class [org.hackerandpainter.RedisTest]: no resource found for suffixes {-context.xml, Context.groovy}.
14:19:13.793 [main] DEBUG org.springframework.test.context.support.ActiveProfilesUtils - Could not find an 'annotation declaring class' for annotation type [org.springframework.test.context.ActiveProfiles] and class [org.hackerandpainter.RedisTest]
14:19:13.977 [main] DEBUG org.springframework.boot.test.context.SpringBootTestContextBootstrapper - @TestExecutionListeners is not present for class [org.hackerandpainter.RedisTest]: using defaults.
14:19:13.978 [main] INFO org.springframework.boot.test.context.SpringBootTestContextBootstrapper - Loaded default TestExecutionListener class names from location [META-INF/spring.factories]: [org.springframework.boot.test.mock.mockito.MockitoTestExecutionListener, org.springframework.boot.test.mock.mockito.ResetMocksTestExecutionListener, org.springframework.boot.test.autoconfigure.restdocs.RestDocsTestExecutionListener, org.springframework.boot.test.autoconfigure.web.client.MockRestServiceServerResetTestExecutionListener, org.springframework.boot.test.autoconfigure.web.servlet.MockMvcPrintOnlyOnFailureTestExecutionListener, org.springframework.boot.test.autoconfigure.web.servlet.WebDriverTestExecutionListener, org.springframework.test.context.web.ServletTestExecutionListener, org.springframework.test.context.support.DirtiesContextBeforeModesTestExecutionListener, org.springframework.test.context.support.DependencyInjectionTestExecutionListener, org.springframework.test.context.support.DirtiesContextTestExecutionListener, org.springframework.test.context.transaction.TransactionalTestExecutionListener, org.springframework.test.context.jdbc.SqlScriptsTestExecutionListener]
14:19:14.107 [main] INFO org.springframework.boot.test.context.SpringBootTestContextBootstrapper - Using TestExecutionListeners: [org.springframework.test.context.web.ServletTestExecutionListener@50ad3bc1, org.springframework.test.context.support.DirtiesContextBeforeModesTestExecutionListener@223aa2f7, org.springframework.boot.test.mock.mockito.MockitoTestExecutionListener@6d3a388c, org.springframework.boot.test.autoconfigure.SpringBootDependencyInjectionTestExecutionListener@193f604a, org.springframework.test.context.support.DirtiesContextTestExecutionListener@20f5239f, org.springframework.test.context.transaction.TransactionalTestExecutionListener@57af006c, org.springframework.test.context.jdbc.SqlScriptsTestExecutionListener@6bedbc4d, org.springframework.boot.test.mock.mockito.ResetMocksTestExecutionListener@932bc4a, org.springframework.boot.test.autoconfigure.restdocs.RestDocsTestExecutionListener@d29f28, org.springframework.boot.test.autoconfigure.web.client.MockRestServiceServerResetTestExecutionListener@2fd1433e, org.springframework.boot.test.autoconfigure.web.servlet.MockMvcPrintOnlyOnFailureTestExecutionListener@29d89d5d, org.springframework.boot.test.autoconfigure.web.servlet.WebDriverTestExecutionListener@3514a4c0]
14:19:14.109 [main] DEBUG org.springframework.test.annotation.ProfileValueUtils - Retrieved @ProfileValueSourceConfiguration [null] for test class [org.hackerandpainter.RedisTest]
14:19:14.109 [main] DEBUG org.springframework.test.annotation.ProfileValueUtils - Retrieved ProfileValueSource type [class org.springframework.test.annotation.SystemProfileValueSource] for class [org.hackerandpainter.RedisTest]
14:19:14.110 [main] DEBUG org.springframework.test.annotation.ProfileValueUtils - Retrieved @ProfileValueSourceConfiguration [null] for test class [org.hackerandpainter.RedisTest]
14:19:14.110 [main] DEBUG org.springframework.test.annotation.ProfileValueUtils - Retrieved ProfileValueSource type [class org.springframework.test.annotation.SystemProfileValueSource] for class [org.hackerandpainter.RedisTest]
14:19:14.110 [main] DEBUG org.springframework.test.annotation.ProfileValueUtils - Retrieved @ProfileValueSourceConfiguration [null] for test class [org.hackerandpainter.RedisTest]
14:19:14.110 [main] DEBUG org.springframework.test.annotation.ProfileValueUtils - Retrieved ProfileValueSource type [class org.springframework.test.annotation.SystemProfileValueSource] for class [org.hackerandpainter.RedisTest]
14:19:14.116 [main] DEBUG org.springframework.test.context.support.AbstractDirtiesContextTestExecutionListener - Before test class: context [DefaultTestContext@10d307f1 testClass = RedisTest, testInstance = [null], testMethod = [null], testException = [null], mergedContextConfiguration = [WebMergedContextConfiguration@4d5b6aac testClass = RedisTest, locations = '{}', classes = '{class org.hackerandpainter.ShortUrlApplication, class org.hackerandpainter.ShortUrlApplication}', contextInitializerClasses = '[]', activeProfiles = '{}', propertySourceLocations = '{}', propertySourceProperties = '{org.springframework.boot.test.context.SpringBootTestContextBootstrapper=true}', contextCustomizers = set[org.springframework.boot.test.context.filter.ExcludeFilterContextCustomizer@2a40cd94, org.springframework.boot.test.json.DuplicateJsonObjectContextCustomizerFactory$DuplicateJsonObjectContextCustomizer@58a90037, org.springframework.boot.test.mock.mockito.MockitoContextCustomizer@0, org.springframework.boot.test.web.client.TestRestTemplateContextCustomizer@2d127a61, org.springframework.boot.test.autoconfigure.properties.PropertyMappingContextCustomizer@0, org.springframework.boot.test.autoconfigure.web.servlet.WebDriverContextCustomizerFactory$Customizer@1372ed45, org.springframework.test.context.web.socket.MockServerContainerContextCustomizer@25359ed8], resourceBasePath = 'src/main/webapp', contextLoader = 'org.springframework.boot.test.context.SpringBootContextLoader', parent = [null]], attributes = map['org.springframework.test.context.web.ServletTestExecutionListener.activateListener' -> true]], class annotated with @DirtiesContext [false] with mode [null].
14:19:14.116 [main] DEBUG org.springframework.test.annotation.ProfileValueUtils - Retrieved @ProfileValueSourceConfiguration [null] for test class [org.hackerandpainter.RedisTest]
14:19:14.117 [main] DEBUG org.springframework.test.annotation.ProfileValueUtils - Retrieved ProfileValueSource type [class org.springframework.test.annotation.SystemProfileValueSource] for class [org.hackerandpainter.RedisTest]
14:19:14.148 [main] DEBUG org.springframework.core.env.StandardEnvironment - Adding PropertySource 'systemProperties' with lowest search precedence
14:19:14.149 [main] DEBUG org.springframework.core.env.StandardEnvironment - Adding PropertySource 'systemEnvironment' with lowest search precedence
14:19:14.149 [main] DEBUG org.springframework.core.env.StandardEnvironment - Initialized StandardEnvironment with PropertySources [MapPropertySource@9797126 {name='systemProperties', properties={idea.version=2020.3.1, java.runtime.name=Java(TM) SE Runtime Environment, sun.boot.library.path=D:\Developer\Java\jdk1.8.0_211\jre\bin, java.vm.version=25.211-b12, java.vm.vendor=Oracle Corporation, java.vendor.url=http://java.oracle.com/, path.separator=;, java.vm.name=Java HotSpot(TM) 64-Bit Server VM, file.encoding.pkg=sun.io, user.country=CN, user.script=, sun.java.launcher=SUN_STANDARD, sun.os.patch.level=Service Pack 1, java.vm.specification.name=Java Virtual Machine Specification, user.dir=E:\Workspace\JavaEE\springboot-short-url, java.runtime.version=1.8.0_211-b12, basedir=E:\Workspace\JavaEE\springboot-short-url, java.awt.graphicsenv=sun.awt.Win32GraphicsEnvironment, java.endorsed.dirs=D:\Developer\Java\jdk1.8.0_211\jre\lib\endorsed, os.arch=amd64, surefire.real.class.path=C:\Users\STH\AppData\Local\Temp\surefire3088180546921684398\surefirebooter5329899378971051687.jar, java.io.tmpdir=C:\Users\STH\AppData\Local\Temp\, line.separator=
, java.vm.specification.vendor=Oracle Corporation, user.variant=, os.name=Windows 7, sun.jnu.encoding=GBK, java.library.path=D:\Developer\Java\jdk1.8.0_211\jre\bin;C:\Windows\Sun\Java\bin;C:\Windows\system32;C:\Windows;D:\Program Files (x86)\NetSarang\Xshell 6\;D:\Program Files (x86)\NetSarang\Xftp 6\;%JAVA_HOME%\bin;%JAVA_HOME%\jre\bin;C:\Program Files (x86)\Common Files\Oracle\Java\javapath;D:\Developer\apache-maven-3.6.1\bin;D:\Developer\mysql-5.7.26-winx64\bin;d:\Program Files\Git\cmd;C:\Windows\system32;C:\Windows;C:\Windows\system32\wbem;D:\Developer\nodejs\;D:\Program Files\TortoiseGit\bin;C:\Program Files (x86)\Microsoft SQL Server\90\Tools\binn\;D:\Program Files\Intel\WiFi\bin\;C:\Program Files\Common Files\Intel\WirelessCommon\;C:\Users\STH\AppData\Local\GitHubDesktop\bin;C:\Users\STH\AppData\Roaming\npm;., surefire.test.class.path=E:\Workspace\JavaEE\springboot-short-url\target\test-classes;E:\Workspace\JavaEE\springboot-short-url\target\classes;C:\Users\STH\.m2\repository\org\springframework\boot\spring-boot-starter-data-redis\2.0.3.RELEASE\spring-boot-starter-data-redis-2.0.3.RELEASE.jar;C:\Users\STH\.m2\repository\org\springframework\boot\spring-boot-starter\2.0.3.RELEASE\spring-boot-starter-2.0.3.RELEASE.jar;C:\Users\STH\.m2\repository\org\springframework\boot\spring-boot-starter-logging\2.0.3.RELEASE\spring-boot-starter-logging-2.0.3.RELEASE.jar;C:\Users\STH\.m2\repository\ch\qos\logback\logback-classic\1.2.3\logback-classic-1.2.3.jar;C:\Users\STH\.m2\repository\ch\qos\logback\logback-core\1.2.3\logback-core-1.2.3.jar;C:\Users\STH\.m2\repository\org\apache\logging\log4j\log4j-to-slf4j\2.10.0\log4j-to-slf4j-2.10.0.jar;C:\Users\STH\.m2\repository\org\apache\logging\log4j\log4j-api\2.10.0\log4j-api-2.10.0.jar;C:\Users\STH\.m2\repository\org\slf4j\jul-to-slf4j\1.7.25\jul-to-slf4j-1.7.25.jar;C:\Users\STH\.m2\repository\javax\annotation\javax.annotation-api\1.3.2\javax.annotation-api-1.3.2.jar;C:\Users\STH\.m2\repository\org\yaml\snakeyaml\1.19\snakeyaml-1.19.jar;C:\Users\STH\.m2\repository\org\springframework\data\spring-data-redis\2.0.8.RELEASE\spring-data-redis-2.0.8.RELEASE.jar;C:\Users\STH\.m2\repository\org\springframework\data\spring-data-keyvalue\2.0.8.RELEASE\spring-data-keyvalue-2.0.8.RELEASE.jar;C:\Users\STH\.m2\repository\org\springframework\data\spring-data-commons\2.0.8.RELEASE\spring-data-commons-2.0.8.RELEASE.jar;C:\Users\STH\.m2\repository\org\springframework\spring-tx\5.0.7.RELEASE\spring-tx-5.0.7.RELEASE.jar;C:\Users\STH\.m2\repository\org\springframework\spring-oxm\5.0.7.RELEASE\spring-oxm-5.0.7.RELEASE.jar;C:\Users\STH\.m2\repository\org\springframework\spring-aop\5.0.7.RELEASE\spring-aop-5.0.7.RELEASE.jar;C:\Users\STH\.m2\repository\org\springframework\spring-context-support\5.0.7.RELEASE\spring-context-support-5.0.7.RELEASE.jar;C:\Users\STH\.m2\repository\org\slf4j\slf4j-api\1.7.25\slf4j-api-1.7.25.jar;C:\Users\STH\.m2\repository\io\lettuce\lettuce-core\5.0.4.RELEASE\lettuce-core-5.0.4.RELEASE.jar;C:\Users\STH\.m2\repository\io\projectreactor\reactor-core\3.1.8.RELEASE\reactor-core-3.1.8.RELEASE.jar;C:\Users\STH\.m2\repository\org\reactivestreams\reactive-streams\1.0.2\reactive-streams-1.0.2.jar;C:\Users\STH\.m2\repository\io\netty\netty-common\4.1.25.Final\netty-common-4.1.25.Final.jar;C:\Users\STH\.m2\repository\io\netty\netty-transport\4.1.25.Final\netty-transport-4.1.25.Final.jar;C:\Users\STH\.m2\repository\io\netty\netty-buffer\4.1.25.Final\netty-buffer-4.1.25.Final.jar;C:\Users\STH\.m2\repository\io\netty\netty-resolver\4.1.25.Final\netty-resolver-4.1.25.Final.jar;C:\Users\STH\.m2\repository\io\netty\netty-handler\4.1.25.Final\netty-handler-4.1.25.Final.jar;C:\Users\STH\.m2\repository\io\netty\netty-codec\4.1.25.Final\netty-codec-4.1.25.Final.jar;C:\Users\STH\.m2\repository\redis\clients\jedis\2.9.0\jedis-2.9.0.jar;C:\Users\STH\.m2\repository\org\apache\commons\commons-pool2\2.5.0\commons-pool2-2.5.0.jar;C:\Users\STH\.m2\repository\com\alibaba\fastjson\1.2.47\fastjson-1.2.47.jar;C:\Users\STH\.m2\repository\org\springframework\boot\spring-boot-starter-web\2.0.3.RELEASE\spring-boot-starter-web-2.0.3.RELEASE.jar;C:\Users\STH\.m2\repository\org\springframework\boot\spring-boot-starter-json\2.0.3.RELEASE\spring-boot-starter-json-2.0.3.RELEASE.jar;C:\Users\STH\.m2\repository\com\fasterxml\jackson\core\jackson-databind\2.9.6\jackson-databind-2.9.6.jar;C:\Users\STH\.m2\repository\com\fasterxml\jackson\core\jackson-annotations\2.9.0\jackson-annotations-2.9.0.jar;C:\Users\STH\.m2\repository\com\fasterxml\jackson\core\jackson-core\2.9.6\jackson-core-2.9.6.jar;C:\Users\STH\.m2\repository\com\fasterxml\jackson\datatype\jackson-datatype-jdk8\2.9.6\jackson-datatype-jdk8-2.9.6.jar;C:\Users\STH\.m2\repository\com\fasterxml\jackson\datatype\jackson-datatype-jsr310\2.9.6\jackson-datatype-jsr310-2.9.6.jar;C:\Users\STH\.m2\repository\com\fasterxml\jackson\module\jackson-module-parameter-names\2.9.6\jackson-module-parameter-names-2.9.6.jar;C:\Users\STH\.m2\repository\org\springframework\boot\spring-boot-starter-tomcat\2.0.3.RELEASE\spring-boot-starter-tomcat-2.0.3.RELEASE.jar;C:\Users\STH\.m2\repository\org\apache\tomcat\embed\tomcat-embed-core\8.5.31\tomcat-embed-core-8.5.31.jar;C:\Users\STH\.m2\repository\org\apache\tomcat\embed\tomcat-embed-el\8.5.31\tomcat-embed-el-8.5.31.jar;C:\Users\STH\.m2\repository\org\apache\tomcat\embed\tomcat-embed-websocket\8.5.31\tomcat-embed-websocket-8.5.31.jar;C:\Users\STH\.m2\repository\org\hibernate\validator\hibernate-validator\6.0.10.Final\hibernate-validator-6.0.10.Final.jar;C:\Users\STH\.m2\repository\javax\validation\validation-api\2.0.1.Final\validation-api-2.0.1.Final.jar;C:\Users\STH\.m2\repository\org\jboss\logging\jboss-logging\3.3.2.Final\jboss-logging-3.3.2.Final.jar;C:\Users\STH\.m2\repository\com\fasterxml\classmate\1.3.4\classmate-1.3.4.jar;C:\Users\STH\.m2\repository\org\springframework\spring-web\5.0.7.RELEASE\spring-web-5.0.7.RELEASE.jar;C:\Users\STH\.m2\repository\org\springframework\spring-beans\5.0.7.RELEASE\spring-beans-5.0.7.RELEASE.jar;C:\Users\STH\.m2\repository\org\springframework\spring-webmvc\5.0.7.RELEASE\spring-webmvc-5.0.7.RELEASE.jar;C:\Users\STH\.m2\repository\org\springframework\spring-context\5.0.7.RELEASE\spring-context-5.0.7.RELEASE.jar;C:\Users\STH\.m2\repository\org\springframework\spring-expression\5.0.7.RELEASE\spring-expression-5.0.7.RELEASE.jar;C:\Users\STH\.m2\repository\org\springframework\boot\spring-boot-starter-test\2.0.3.RELEASE\spring-boot-starter-test-2.0.3.RELEASE.jar;C:\Users\STH\.m2\repository\org\springframework\boot\spring-boot-test\2.0.3.RELEASE\spring-boot-test-2.0.3.RELEASE.jar;C:\Users\STH\.m2\repository\org\springframework\boot\spring-boot-test-autoconfigure\2.0.3.RELEASE\spring-boot-test-autoconfigure-2.0.3.RELEASE.jar;C:\Users\STH\.m2\repository\com\jayway\jsonpath\json-path\2.4.0\json-path-2.4.0.jar;C:\Users\STH\.m2\repository\net\minidev\json-smart\2.3\json-smart-2.3.jar;C:\Users\STH\.m2\repository\net\minidev\accessors-smart\1.2\accessors-smart-1.2.jar;C:\Users\STH\.m2\repository\org\ow2\asm\asm\5.0.4\asm-5.0.4.jar;C:\Users\STH\.m2\repository\junit\junit\4.12\junit-4.12.jar;C:\Users\STH\.m2\repository\org\assertj\assertj-core\3.9.1\assertj-core-3.9.1.jar;C:\Users\STH\.m2\repository\org\mockito\mockito-core\2.15.0\mockito-core-2.15.0.jar;C:\Users\STH\.m2\repository\net\bytebuddy\byte-buddy\1.7.11\byte-buddy-1.7.11.jar;C:\Users\STH\.m2\repository\net\bytebuddy\byte-buddy-agent\1.7.11\byte-buddy-agent-1.7.11.jar;C:\Users\STH\.m2\repository\org\objenesis\objenesis\2.6\objenesis-2.6.jar;C:\Users\STH\.m2\repository\org\hamcrest\hamcrest-core\1.3\hamcrest-core-1.3.jar;C:\Users\STH\.m2\repository\org\hamcrest\hamcrest-library\1.3\hamcrest-library-1.3.jar;C:\Users\STH\.m2\repository\org\skyscreamer\jsonassert\1.5.0\jsonassert-1.5.0.jar;C:\Users\STH\.m2\repository\com\vaadin\external\google\android-json\0.0.20131108.vaadin1\android-json-0.0.20131108.vaadin1.jar;C:\Users\STH\.m2\repository\org\springframework\spring-core\5.0.7.RELEASE\spring-core-5.0.7.RELEASE.jar;C:\Users\STH\.m2\repository\org\springframework\spring-jcl\5.0.7.RELEASE\spring-jcl-5.0.7.RELEASE.jar;C:\Users\STH\.m2\repository\org\springframework\spring-test\5.0.7.RELEASE\spring-test-5.0.7.RELEASE.jar;C:\Users\STH\.m2\repository\org\xmlunit\xmlunit-core\2.5.1\xmlunit-core-2.5.1.jar;C:\Users\STH\.m2\repository\org\springframework\boot\spring-boot-configuration-processor\2.0.3.RELEASE\spring-boot-configuration-processor-2.0.3.RELEASE.jar;C:\Users\STH\.m2\repository\com\google\guava\guava\27.0-jre\guava-27.0-jre.jar;C:\Users\STH\.m2\repository\com\google\guava\failureaccess\1.0\failureaccess-1.0.jar;C:\Users\STH\.m2\repository\com\google\guava\listenablefuture\9999.0-empty-to-avoid-conflict-with-guava\listenablefuture-9999.0-empty-to-avoid-conflict-with-guava.jar;C:\Users\STH\.m2\repository\com\google\code\findbugs\jsr305\3.0.2\jsr305-3.0.2.jar;C:\Users\STH\.m2\repository\org\checkerframework\checker-qual\2.5.2\checker-qual-2.5.2.jar;C:\Users\STH\.m2\repository\com\google\errorprone\error_prone_annotations\2.2.0\error_prone_annotations-2.2.0.jar;C:\Users\STH\.m2\repository\com\google\j2objc\j2objc-annotations\1.1\j2objc-annotations-1.1.jar;C:\Users\STH\.m2\repository\org\codehaus\mojo\animal-sniffer-annotations\1.17\animal-sniffer-annotations-1.17.jar;C:\Users\STH\.m2\repository\com\thoughtworks\xstream\xstream\1.4.9\xstream-1.4.9.jar;C:\Users\STH\.m2\repository\xmlpull\xmlpull\1.1.3.1\xmlpull-1.1.3.1.jar;C:\Users\STH\.m2\repository\xpp3\xpp3_min\1.1.4c\xpp3_min-1.1.4c.jar;C:\Users\STH\.m2\repository\com\spring4all\swagger-spring-boot-starter\1.9.0.RELEASE\swagger-spring-boot-starter-1.9.0.RELEASE.jar;C:\Users\STH\.m2\repository\io\springfox\springfox-swagger-ui\2.9.2\springfox-swagger-ui-2.9.2.jar;C:\Users\STH\.m2\repository\io\springfox\springfox-spring-web\2.9.2\springfox-spring-web-2.9.2.jar;C:\Users\STH\.m2\repository\io\springfox\springfox-swagger2\2.9.2\springfox-swagger2-2.9.2.jar;C:\Users\STH\.m2\repository\io\swagger\swagger-annotations\1.5.20\swagger-annotations-1.5.20.jar;C:\Users\STH\.m2\repository\io\swagger\swagger-models\1.5.20\swagger-models-1.5.20.jar;C:\Users\STH\.m2\repository\io\springfox\springfox-spi\2.9.2\springfox-spi-2.9.2.jar;C:\Users\STH\.m2\repository\io\springfox\springfox-core\2.9.2\springfox-core-2.9.2.jar;C:\Users\STH\.m2\repository\io\springfox\springfox-schema\2.9.2\springfox-schema-2.9.2.jar;C:\Users\STH\.m2\repository\io\springfox\springfox-swagger-common\2.9.2\springfox-swagger-common-2.9.2.jar;C:\Users\STH\.m2\repository\org\springframework\plugin\spring-plugin-core\1.2.0.RELEASE\spring-plugin-core-1.2.0.RELEASE.jar;C:\Users\STH\.m2\repository\org\springframework\plugin\spring-plugin-metadata\1.2.0.RELEASE\spring-plugin-metadata-1.2.0.RELEASE.jar;C:\Users\STH\.m2\repository\org\mapstruct\mapstruct\1.2.0.Final\mapstruct-1.2.0.Final.jar;C:\Users\STH\.m2\repository\io\springfox\springfox-bean-validators\2.9.2\springfox-bean-validators-2.9.2.jar;C:\Users\STH\.m2\repository\org\springframework\boot\spring-boot-devtools\2.0.3.RELEASE\spring-boot-devtools-2.0.3.RELEASE.jar;C:\Users\STH\.m2\repository\org\springframework\boot\spring-boot\2.0.3.RELEASE\spring-boot-2.0.3.RELEASE.jar;C:\Users\STH\.m2\repository\org\springframework\boot\spring-boot-autoconfigure\2.0.3.RELEASE\spring-boot-autoconfigure-2.0.3.RELEASE.jar;, java.specification.name=Java Platform API Specification, java.class.version=52.0, sun.management.compiler=HotSpot 64-Bit Tiered Compilers, os.version=6.1, user.home=C:\Users\STH, user.timezone=Asia/Shanghai, java.awt.printerjob=sun.awt.windows.WPrinterJob, file.encoding=GBK, java.specification.version=1.8, java.class.path=E:\Workspace\JavaEE\springboot-short-url\target\test-classes;E:\Workspace\JavaEE\springboot-short-url\target\classes;C:\Users\STH\.m2\repository\org\springframework\boot\spring-boot-starter-data-redis\2.0.3.RELEASE\spring-boot-starter-data-redis-2.0.3.RELEASE.jar;C:\Users\STH\.m2\repository\org\springframework\boot\spring-boot-starter\2.0.3.RELEASE\spring-boot-starter-2.0.3.RELEASE.jar;C:\Users\STH\.m2\repository\org\springframework\boot\spring-boot-starter-logging\2.0.3.RELEASE\spring-boot-starter-logging-2.0.3.RELEASE.jar;C:\Users\STH\.m2\repository\ch\qos\logback\logback-classic\1.2.3\logback-classic-1.2.3.jar;C:\Users\STH\.m2\repository\ch\qos\logback\logback-core\1.2.3\logback-core-1.2.3.jar;C:\Users\STH\.m2\repository\org\apache\logging\log4j\log4j-to-slf4j\2.10.0\log4j-to-slf4j-2.10.0.jar;C:\Users\STH\.m2\repository\org\apache\logging\log4j\log4j-api\2.10.0\log4j-api-2.10.0.jar;C:\Users\STH\.m2\repository\org\slf4j\jul-to-slf4j\1.7.25\jul-to-slf4j-1.7.25.jar;C:\Users\STH\.m2\repository\javax\annotation\javax.annotation-api\1.3.2\javax.annotation-api-1.3.2.jar;C:\Users\STH\.m2\repository\org\yaml\snakeyaml\1.19\snakeyaml-1.19.jar;C:\Users\STH\.m2\repository\org\springframework\data\spring-data-redis\2.0.8.RELEASE\spring-data-redis-2.0.8.RELEASE.jar;C:\Users\STH\.m2\repository\org\springframework\data\spring-data-keyvalue\2.0.8.RELEASE\spring-data-keyvalue-2.0.8.RELEASE.jar;C:\Users\STH\.m2\repository\org\springframework\data\spring-data-commons\2.0.8.RELEASE\spring-data-commons-2.0.8.RELEASE.jar;C:\Users\STH\.m2\repository\org\springframework\spring-tx\5.0.7.RELEASE\spring-tx-5.0.7.RELEASE.jar;C:\Users\STH\.m2\repository\org\springframework\spring-oxm\5.0.7.RELEASE\spring-oxm-5.0.7.RELEASE.jar;C:\Users\STH\.m2\repository\org\springframework\spring-aop\5.0.7.RELEASE\spring-aop-5.0.7.RELEASE.jar;C:\Users\STH\.m2\repository\org\springframework\spring-context-support\5.0.7.RELEASE\spring-context-support-5.0.7.RELEASE.jar;C:\Users\STH\.m2\repository\org\slf4j\slf4j-api\1.7.25\slf4j-api-1.7.25.jar;C:\Users\STH\.m2\repository\io\lettuce\lettuce-core\5.0.4.RELEASE\lettuce-core-5.0.4.RELEASE.jar;C:\Users\STH\.m2\repository\io\projectreactor\reactor-core\3.1.8.RELEASE\reactor-core-3.1.8.RELEASE.jar;C:\Users\STH\.m2\repository\org\reactivestreams\reactive-streams\1.0.2\reactive-streams-1.0.2.jar;C:\Users\STH\.m2\repository\io\netty\netty-common\4.1.25.Final\netty-common-4.1.25.Final.jar;C:\Users\STH\.m2\repository\io\netty\netty-transport\4.1.25.Final\netty-transport-4.1.25.Final.jar;C:\Users\STH\.m2\repository\io\netty\netty-buffer\4.1.25.Final\netty-buffer-4.1.25.Final.jar;C:\Users\STH\.m2\repository\io\netty\netty-resolver\4.1.25.Final\netty-resolver-4.1.25.Final.jar;C:\Users\STH\.m2\repository\io\netty\netty-handler\4.1.25.Final\netty-handler-4.1.25.Final.jar;C:\Users\STH\.m2\repository\io\netty\netty-codec\4.1.25.Final\netty-codec-4.1.25.Final.jar;C:\Users\STH\.m2\repository\redis\clients\jedis\2.9.0\jedis-2.9.0.jar;C:\Users\STH\.m2\repository\org\apache\commons\commons-pool2\2.5.0\commons-pool2-2.5.0.jar;C:\Users\STH\.m2\repository\com\alibaba\fastjson\1.2.47\fastjson-1.2.47.jar;C:\Users\STH\.m2\repository\org\springframework\boot\spring-boot-starter-web\2.0.3.RELEASE\spring-boot-starter-web-2.0.3.RELEASE.jar;C:\Users\STH\.m2\repository\org\springframework\boot\spring-boot-starter-json\2.0.3.RELEASE\spring-boot-starter-json-2.0.3.RELEASE.jar;C:\Users\STH\.m2\repository\com\fasterxml\jackson\core\jackson-databind\2.9.6\jackson-databind-2.9.6.jar;C:\Users\STH\.m2\repository\com\fasterxml\jackson\core\jackson-annotations\2.9.0\jackson-annotations-2.9.0.jar;C:\Users\STH\.m2\repository\com\fasterxml\jackson\core\jackson-core\2.9.6\jackson-core-2.9.6.jar;C:\Users\STH\.m2\repository\com\fasterxml\jackson\datatype\jackson-datatype-jdk8\2.9.6\jackson-datatype-jdk8-2.9.6.jar;C:\Users\STH\.m2\repository\com\fasterxml\jackson\datatype\jackson-datatype-jsr310\2.9.6\jackson-datatype-jsr310-2.9.6.jar;C:\Users\STH\.m2\repository\com\fasterxml\jackson\module\jackson-module-parameter-names\2.9.6\jackson-module-parameter-names-2.9.6.jar;C:\Users\STH\.m2\repository\org\springframework\boot\spring-boot-starter-tomcat\2.0.3.RELEASE\spring-boot-starter-tomcat-2.0.3.RELEASE.jar;C:\Users\STH\.m2\repository\org\apache\tomcat\embed\tomcat-embed-core\8.5.31\tomcat-embed-core-8.5.31.jar;C:\Users\STH\.m2\repository\org\apache\tomcat\embed\tomcat-embed-el\8.5.31\tomcat-embed-el-8.5.31.jar;C:\Users\STH\.m2\repository\org\apache\tomcat\embed\tomcat-embed-websocket\8.5.31\tomcat-embed-websocket-8.5.31.jar;C:\Users\STH\.m2\repository\org\hibernate\validator\hibernate-validator\6.0.10.Final\hibernate-validator-6.0.10.Final.jar;C:\Users\STH\.m2\repository\javax\validation\validation-api\2.0.1.Final\validation-api-2.0.1.Final.jar;C:\Users\STH\.m2\repository\org\jboss\logging\jboss-logging\3.3.2.Final\jboss-logging-3.3.2.Final.jar;C:\Users\STH\.m2\repository\com\fasterxml\classmate\1.3.4\classmate-1.3.4.jar;C:\Users\STH\.m2\repository\org\springframework\spring-web\5.0.7.RELEASE\spring-web-5.0.7.RELEASE.jar;C:\Users\STH\.m2\repository\org\springframework\spring-beans\5.0.7.RELEASE\spring-beans-5.0.7.RELEASE.jar;C:\Users\STH\.m2\repository\org\springframework\spring-webmvc\5.0.7.RELEASE\spring-webmvc-5.0.7.RELEASE.jar;C:\Users\STH\.m2\repository\org\springframework\spring-context\5.0.7.RELEASE\spring-context-5.0.7.RELEASE.jar;C:\Users\STH\.m2\repository\org\springframework\spring-expression\5.0.7.RELEASE\spring-expression-5.0.7.RELEASE.jar;C:\Users\STH\.m2\repository\org\springframework\boot\spring-boot-starter-test\2.0.3.RELEASE\spring-boot-starter-test-2.0.3.RELEASE.jar;C:\Users\STH\.m2\repository\org\springframework\boot\spring-boot-test\2.0.3.RELEASE\spring-boot-test-2.0.3.RELEASE.jar;C:\Users\STH\.m2\repository\org\springframework\boot\spring-boot-test-autoconfigure\2.0.3.RELEASE\spring-boot-test-autoconfigure-2.0.3.RELEASE.jar;C:\Users\STH\.m2\repository\com\jayway\jsonpath\json-path\2.4.0\json-path-2.4.0.jar;C:\Users\STH\.m2\repository\net\minidev\json-smart\2.3\json-smart-2.3.jar;C:\Users\STH\.m2\repository\net\minidev\accessors-smart\1.2\accessors-smart-1.2.jar;C:\Users\STH\.m2\repository\org\ow2\asm\asm\5.0.4\asm-5.0.4.jar;C:\Users\STH\.m2\repository\junit\junit\4.12\junit-4.12.jar;C:\Users\STH\.m2\repository\org\assertj\assertj-core\3.9.1\assertj-core-3.9.1.jar;C:\Users\STH\.m2\repository\org\mockito\mockito-core\2.15.0\mockito-core-2.15.0.jar;C:\Users\STH\.m2\repository\net\bytebuddy\byte-buddy\1.7.11\byte-buddy-1.7.11.jar;C:\Users\STH\.m2\repository\net\bytebuddy\byte-buddy-agent\1.7.11\byte-buddy-agent-1.7.11.jar;C:\Users\STH\.m2\repository\org\objenesis\objenesis\2.6\objenesis-2.6.jar;C:\Users\STH\.m2\repository\org\hamcrest\hamcrest-core\1.3\hamcrest-core-1.3.jar;C:\Users\STH\.m2\repository\org\hamcrest\hamcrest-library\1.3\hamcrest-library-1.3.jar;C:\Users\STH\.m2\repository\org\skyscreamer\jsonassert\1.5.0\jsonassert-1.5.0.jar;C:\Users\STH\.m2\repository\com\vaadin\external\google\android-json\0.0.20131108.vaadin1\android-json-0.0.20131108.vaadin1.jar;C:\Users\STH\.m2\repository\org\springframework\spring-core\5.0.7.RELEASE\spring-core-5.0.7.RELEASE.jar;C:\Users\STH\.m2\repository\org\springframework\spring-jcl\5.0.7.RELEASE\spring-jcl-5.0.7.RELEASE.jar;C:\Users\STH\.m2\repository\org\springframework\spring-test\5.0.7.RELEASE\spring-test-5.0.7.RELEASE.jar;C:\Users\STH\.m2\repository\org\xmlunit\xmlunit-core\2.5.1\xmlunit-core-2.5.1.jar;C:\Users\STH\.m2\repository\org\springframework\boot\spring-boot-configuration-processor\2.0.3.RELEASE\spring-boot-configuration-processor-2.0.3.RELEASE.jar;C:\Users\STH\.m2\repository\com\google\guava\guava\27.0-jre\guava-27.0-jre.jar;C:\Users\STH\.m2\repository\com\google\guava\failureaccess\1.0\failureaccess-1.0.jar;C:\Users\STH\.m2\repository\com\google\guava\listenablefuture\9999.0-empty-to-avoid-conflict-with-guava\listenablefuture-9999.0-empty-to-avoid-conflict-with-guava.jar;C:\Users\STH\.m2\repository\com\google\code\findbugs\jsr305\3.0.2\jsr305-3.0.2.jar;C:\Users\STH\.m2\repository\org\checkerframework\checker-qual\2.5.2\checker-qual-2.5.2.jar;C:\Users\STH\.m2\repository\com\google\errorprone\error_prone_annotations\2.2.0\error_prone_annotations-2.2.0.jar;C:\Users\STH\.m2\repository\com\google\j2objc\j2objc-annotations\1.1\j2objc-annotations-1.1.jar;C:\Users\STH\.m2\repository\org\codehaus\mojo\animal-sniffer-annotations\1.17\animal-sniffer-annotations-1.17.jar;C:\Users\STH\.m2\repository\com\thoughtworks\xstream\xstream\1.4.9\xstream-1.4.9.jar;C:\Users\STH\.m2\repository\xmlpull\xmlpull\1.1.3.1\xmlpull-1.1.3.1.jar;C:\Users\STH\.m2\repository\xpp3\xpp3_min\1.1.4c\xpp3_min-1.1.4c.jar;C:\Users\STH\.m2\repository\com\spring4all\swagger-spring-boot-starter\1.9.0.RELEASE\swagger-spring-boot-starter-1.9.0.RELEASE.jar;C:\Users\STH\.m2\repository\io\springfox\springfox-swagger-ui\2.9.2\springfox-swagger-ui-2.9.2.jar;C:\Users\STH\.m2\repository\io\springfox\springfox-spring-web\2.9.2\springfox-spring-web-2.9.2.jar;C:\Users\STH\.m2\repository\io\springfox\springfox-swagger2\2.9.2\springfox-swagger2-2.9.2.jar;C:\Users\STH\.m2\repository\io\swagger\swagger-annotations\1.5.20\swagger-annotations-1.5.20.jar;C:\Users\STH\.m2\repository\io\swagger\swagger-models\1.5.20\swagger-models-1.5.20.jar;C:\Users\STH\.m2\repository\io\springfox\springfox-spi\2.9.2\springfox-spi-2.9.2.jar;C:\Users\STH\.m2\repository\io\springfox\springfox-core\2.9.2\springfox-core-2.9.2.jar;C:\Users\STH\.m2\repository\io\springfox\springfox-schema\2.9.2\springfox-schema-2.9.2.jar;C:\Users\STH\.m2\repository\io\springfox\springfox-swagger-common\2.9.2\springfox-swagger-common-2.9.2.jar;C:\Users\STH\.m2\repository\org\springframework\plugin\spring-plugin-core\1.2.0.RELEASE\spring-plugin-core-1.2.0.RELEASE.jar;C:\Users\STH\.m2\repository\org\springframework\plugin\spring-plugin-metadata\1.2.0.RELEASE\spring-plugin-metadata-1.2.0.RELEASE.jar;C:\Users\STH\.m2\repository\org\mapstruct\mapstruct\1.2.0.Final\mapstruct-1.2.0.Final.jar;C:\Users\STH\.m2\repository\io\springfox\springfox-bean-validators\2.9.2\springfox-bean-validators-2.9.2.jar;C:\Users\STH\.m2\repository\org\springframework\boot\spring-boot-devtools\2.0.3.RELEASE\spring-boot-devtools-2.0.3.RELEASE.jar;C:\Users\STH\.m2\repository\org\springframework\boot\spring-boot\2.0.3.RELEASE\spring-boot-2.0.3.RELEASE.jar;C:\Users\STH\.m2\repository\org\springframework\boot\spring-boot-autoconfigure\2.0.3.RELEASE\spring-boot-autoconfigure-2.0.3.RELEASE.jar;, user.name=STH, java.vm.specification.version=1.8, sun.java.command=C:\Users\STH\AppData\Local\Temp\surefire3088180546921684398\surefirebooter5329899378971051687.jar C:\Users\STH\AppData\Local\Temp\surefire3088180546921684398 2021-01-12T14-19-12_299-jvmRun1 surefire4434502207720700704tmp surefire_08471672106983518452tmp, java.home=D:\Developer\Java\jdk1.8.0_211\jre, sun.arch.data.model=64, user.language=zh, java.specification.vendor=Oracle Corporation, awt.toolkit=sun.awt.windows.WToolkit, java.vm.info=mixed mode, java.version=1.8.0_211, java.ext.dirs=D:\Developer\Java\jdk1.8.0_211\jre\lib\ext;C:\Windows\Sun\Java\lib\ext, sun.boot.class.path=D:\Developer\Java\jdk1.8.0_211\jre\lib\resources.jar;D:\Developer\Java\jdk1.8.0_211\jre\lib\rt.jar;D:\Developer\Java\jdk1.8.0_211\jre\lib\sunrsasign.jar;D:\Developer\Java\jdk1.8.0_211\jre\lib\jsse.jar;D:\Developer\Java\jdk1.8.0_211\jre\lib\jce.jar;D:\Developer\Java\jdk1.8.0_211\jre\lib\charsets.jar;D:\Developer\Java\jdk1.8.0_211\jre\lib\jfr.jar;D:\Developer\Java\jdk1.8.0_211\jre\classes, java.vendor=Oracle Corporation, localRepository=C:\Users\STH\.m2\repository, file.separator=\, java.vendor.url.bug=http://bugreport.sun.com/bugreport/, sun.io.unicode.encoding=UnicodeLittle, sun.cpu.endian=little, sun.desktop=windows, sun.cpu.isalist=amd64}}, SystemEnvironmentPropertySource@844112759 {name='systemEnvironment', properties={PATH=D:\Program Files (x86)\NetSarang\Xshell 6\;D:\Program Files (x86)\NetSarang\Xftp 6\;%JAVA_HOME%\bin;%JAVA_HOME%\jre\bin;C:\Program Files (x86)\Common Files\Oracle\Java\javapath;D:\Developer\apache-maven-3.6.1\bin;D:\Developer\mysql-5.7.26-winx64\bin;d:\Program Files\Git\cmd;C:\Windows\system32;C:\Windows;C:\Windows\system32\wbem;D:\Developer\nodejs\;D:\Program Files\TortoiseGit\bin;C:\Program Files (x86)\Microsoft SQL Server\90\Tools\binn\;D:\Program Files\Intel\WiFi\bin\;C:\Program Files\Common Files\Intel\WirelessCommon\;C:\Users\STH\AppData\Local\GitHubDesktop\bin;C:\Users\STH\AppData\Roaming\npm, LOCALAPPDATA=C:\Users\STH\AppData\Local, PROCESSOR_LEVEL=6, SYSTEMDRIVE=C:, COMMONPROGRAMFILES(X86)=C:\Program Files (x86)\Common Files, FP_NO_HOST_CHECK=NO, USERDOMAIN=STH-PC, LOGONSERVER=\\STH-PC, JAVA_HOME=D:\Developer\Java\jdk1.8.0_211, PROMPT=$P$G, SESSIONNAME=Console, ALLUSERSPROFILE=C:\ProgramData, PROGRAMFILES(X86)=C:\Program Files (x86), ASL.LOG=Destination=file, PROCESSOR_ARCHITECTURE=AMD64, =E:=E:\Workspace\JavaEE\springboot-short-url, PROGRAMFILES=C:\Program Files, WINDOWS_TRACING_FLAGS=3, APPDATA=C:\Users\STH\AppData\Roaming, PSMODULEPATH=C:\Windows\system32\WindowsPowerShell\v1.0\Modules\, PROGRAMW6432=C:\Program Files, PROGRAMDATA=C:\ProgramData, SYSTEMROOT=C:\Windows, USERNAME=STH, PATHEXT=.COM;.EXE;.BAT;.CMD;.VBS;.VBE;.JS;.JSE;.WSF;.WSH;.MSC, OS=Windows_NT, COMMONPROGRAMW6432=C:\Program Files\Common Files, COMPUTERNAME=STH-PC, COMMONPROGRAMFILES=C:\Program Files\Common Files, COMSPEC=C:\Windows\system32\cmd.exe, CATALINA_HOME=D:\Developer\apache-tomcat-7.0.94, PROCESSOR_REVISION=3a09, CLASSPATH=.;%JAVA_HOME%\lib;%JAVA_HOME%\lib\dt.jar;%JAVA_HOME%\lib\tools.jar, WINDIR=C:\Windows, HOMEPATH=\Users\STH, TEMP=C:\Users\STH\AppData\Local\Temp, HOMEDRIVE=C:, PROCESSOR_IDENTIFIER=Intel64 Family 6 Model 58 Stepping 9, GenuineIntel, USERPROFILE=C:\Users\STH, TMP=C:\Users\STH\AppData\Local\Temp, WINDOWS_TRACING_LOGFILE=C:\BVTBin\Tests\installpackage\csilogfile.log, PUBLIC=C:\Users\Public, NUMBER_OF_PROCESSORS=8, =::=::\, IDEA_INITIAL_DIRECTORY=d:\Program Files\JetBrains\IntelliJ IDEA 2020.3.1\bin}}]
14:19:14.154 [main] DEBUG org.springframework.test.context.support.TestPropertySourceUtils - Adding inlined properties to environment: {spring.jmx.enabled=false, org.springframework.boot.test.context.SpringBootTestContextBootstrapper=true, server.port=-1}
14:19:14.154 [main] DEBUG org.springframework.core.env.StandardEnvironment - Adding PropertySource 'Inlined Test Properties' with highest search precedence

  .   ____          _            __ _ _
 /\\ / ___'_ __ _ _(_)_ __  __ _ \ \ \ \
( ( )\___ | '_ | '_| | '_ \/ _` | \ \ \ \
 \\/  ___)| |_)| | | | | || (_| |  ) ) ) )
  '  |____| .__|_| |_|_| |_\__, | / / / /
 =========|_|==============|___/=/_/_/_/
 :: Spring Boot ::        (v2.0.3.RELEASE)

2021-01-12 14:19:14.638  INFO 9572 --- [           main] org.hackerandpainter.RedisTest           : Starting RedisTest on STH-PC with PID 9572 (started by STH in E:\Workspace\JavaEE\springboot-short-url)
2021-01-12 14:19:14.640  INFO 9572 --- [           main] org.hackerandpainter.RedisTest           : No active profile set, falling back to default profiles: default
2021-01-12 14:19:14.731  INFO 9572 --- [           main] o.s.w.c.s.GenericWebApplicationContext   : Refreshing org.springframework.web.context.support.GenericWebApplicationContext@5965be2d: startup date [Tue Jan 12 14:19:14 CST 2021]; root of context hierarchy
2021-01-12 14:19:16.152  INFO 9572 --- [           main] .s.d.r.c.RepositoryConfigurationDelegate : Multiple Spring Data modules found, entering strict repository configuration mode!
2021-01-12 14:19:17.538  INFO 9572 --- [           main] s.w.s.m.m.a.RequestMappingHandlerMapping : Mapped "{[/ping],methods=[GET]}" onto public org.springframework.http.ResponseEntity<org.hackerandpainter.data.Greeting> org.hackerandpainter.web.EchoController.ping()
2021-01-12 14:19:17.541  INFO 9572 --- [           main] s.w.s.m.m.a.RequestMappingHandlerMapping : Mapped "{[/t/{key}],methods=[GET]}" onto public org.springframework.http.ResponseEntity<org.hackerandpainter.data.ShortenURL> org.hackerandpainter.web.ShortUrlController.decode(java.lang.String) throws java.lang.Exception
2021-01-12 14:19:17.541  INFO 9572 --- [           main] s.w.s.m.m.a.RequestMappingHandlerMapping : Mapped "{[/short],methods=[POST]}" onto public org.springframework.http.ResponseEntity<org.hackerandpainter.data.ShortenURL> org.hackerandpainter.web.ShortUrlController.shortUrl(java.lang.String) throws java.lang.Exception
2021-01-12 14:19:17.546  INFO 9572 --- [           main] s.w.s.m.m.a.RequestMappingHandlerMapping : Mapped "{[/swagger-resources/configuration/ui]}" onto public org.springframework.http.ResponseEntity<springfox.documentation.swagger.web.UiConfiguration> springfox.documentation.swagger.web.ApiResourceController.uiConfiguration()
2021-01-12 14:19:17.547  INFO 9572 --- [           main] s.w.s.m.m.a.RequestMappingHandlerMapping : Mapped "{[/swagger-resources/configuration/security]}" onto public org.springframework.http.ResponseEntity<springfox.documentation.swagger.web.SecurityConfiguration> springfox.documentation.swagger.web.ApiResourceController.securityConfiguration()
2021-01-12 14:19:17.548  INFO 9572 --- [           main] s.w.s.m.m.a.RequestMappingHandlerMapping : Mapped "{[/swagger-resources]}" onto public org.springframework.http.ResponseEntity<java.util.List<springfox.documentation.swagger.web.SwaggerResource>> springfox.documentation.swagger.web.ApiResourceController.swaggerResources()
2021-01-12 14:19:17.555  INFO 9572 --- [           main] s.w.s.m.m.a.RequestMappingHandlerMapping : Mapped "{[/error]}" onto public org.springframework.http.ResponseEntity<java.util.Map<java.lang.String, java.lang.Object>> org.springframework.boot.autoconfigure.web.servlet.error.BasicErrorController.error(javax.servlet.http.HttpServletRequest)
2021-01-12 14:19:17.556  INFO 9572 --- [           main] s.w.s.m.m.a.RequestMappingHandlerMapping : Mapped "{[/error],produces=[text/html]}" onto public org.springframework.web.servlet.ModelAndView org.springframework.boot.autoconfigure.web.servlet.error.BasicErrorController.errorHtml(javax.servlet.http.HttpServletRequest,javax.servlet.http.HttpServletResponse)
2021-01-12 14:19:17.827  INFO 9572 --- [           main] pertySourcedRequestMappingHandlerMapping : Mapped URL path [/v2/api-docs] onto method [public org.springframework.http.ResponseEntity<springfox.documentation.spring.web.json.Json> springfox.documentation.swagger2.web.Swagger2Controller.getDocumentation(java.lang.String,javax.servlet.http.HttpServletRequest)]
2021-01-12 14:19:18.283  INFO 9572 --- [           main] o.s.w.s.handler.SimpleUrlHandlerMapping  : Mapped URL path [/**/favicon.ico] onto handler of type [class org.springframework.web.servlet.resource.ResourceHttpRequestHandler]
2021-01-12 14:19:18.620  INFO 9572 --- [           main] s.w.s.m.m.a.RequestMappingHandlerAdapter : Looking for @ControllerAdvice: org.springframework.web.context.support.GenericWebApplicationContext@5965be2d: startup date [Tue Jan 12 14:19:14 CST 2021]; root of context hierarchy
2021-01-12 14:19:18.687  INFO 9572 --- [           main] o.s.w.s.handler.SimpleUrlHandlerMapping  : Root mapping to handler of type [class org.springframework.web.servlet.mvc.ParameterizableViewController]
2021-01-12 14:19:18.709  INFO 9572 --- [           main] o.s.w.s.handler.SimpleUrlHandlerMapping  : Mapped URL path [/webjars/**] onto handler of type [class org.springframework.web.servlet.resource.ResourceHttpRequestHandler]
2021-01-12 14:19:18.709  INFO 9572 --- [           main] o.s.w.s.handler.SimpleUrlHandlerMapping  : Mapped URL path [/**] onto handler of type [class org.springframework.web.servlet.resource.ResourceHttpRequestHandler]
2021-01-12 14:19:19.604  INFO 9572 --- [           main] o.s.c.support.DefaultLifecycleProcessor  : Starting beans in phase 2147483647
2021-01-12 14:19:19.605  INFO 9572 --- [           main] d.s.w.p.DocumentationPluginsBootstrapper : Context refreshed
2021-01-12 14:19:19.625  INFO 9572 --- [           main] d.s.w.p.DocumentationPluginsBootstrapper : Found 1 custom documentation plugin(s)
2021-01-12 14:19:19.680  INFO 9572 --- [           main] s.d.s.w.s.ApiListingReferenceScanner     : Scanning for api listing references
2021-01-12 14:19:20.109  INFO 9572 --- [           main] org.hackerandpainter.RedisTest           : Started RedisTest in 5.938 seconds (JVM running for 7.131)
]]></system-out>
  </testcase>
</testsuite>